CIPDIP Client starting...
  Scenario: baseline
  Target: 192.168.10.99:44818
  Interval: 250 ms
  Duration: 10 seconds
  Press Ctrl+C to stop

[CLIENT] Connected and registered session 0x00000001
[CLIENT] Starting baseline scenario (polling 2 targets every 250ms)
[CLIENT] Will run for 10 seconds or until interrupted

[CLIENT] Read InputBlock1: class=0x0004 instance=0x0065 status=0x00 payload=16 bytes RTT=0.88ms
[CLIENT] Read InputBlock2 FAILED: CIP status 0x01
[CLIENT] Read InputBlock1: class=0x0004 instance=0x0065 status=0x00 payload=16 bytes RTT=1.79ms
[CLIENT] Read InputBlock2 FAILED: CIP status 0x01

{"stats":{"failed_requests":2,"successful_requests":2,"timeouts":0,"total_requests":4},"type":"stats"}
[CLIENT] Read InputBlock1: class=0x0004 instance=0x0065 status=0x00 payload=16 bytes RTT=1.51ms
[CLIENT] Read InputBlock2 FAILED: CIP status 0x01
[CLIENT] Read InputBlock1: class=0x0004 instance=0x0065 status=0x00 payload=16 bytes RTT=1.79ms
[CLIENT] Read InputBlock2 FAILED: CIP status 0x01

{"stats":{"failed_requests":4,"successful_requests":4,"timeouts":0,"total_requests":8},"type":"stats"}
[CLIENT] Read InputBlock1: class=0x0004 instance=0x0065 status=0x00 payload=16 bytes RTT=1.80ms
[CLIENT] Read InputBlock2 FAILED: CIP status 0x01
[CLIENT] Read InputBlock1: class=0x0004 instance=0x0065 status=0x00 payload=16 bytes RTT=2.42ms
[CLIENT] Read InputBlock2 FAILED: CIP status 0x01

{"stats":{"failed_requests":6,"successful_requests":6,"timeouts":0,"total_requests":12},"type":"stats"}
[CLIENT] Read InputBlock1: class=0x0004 instance=0x0065 status=0x00 payload=16 bytes RTT=1.80ms
[CLIENT] Read InputBlock2 FAILED: CIP status 0x01
[CLIENT] Read InputBlock1: class=0x0004 instance=0x0065 status=0x00 payload=16 bytes RTT=1.95ms
[CLIENT] Read InputBlock2 FAILED: CIP status 0x01

{"stats":{"failed_requests":8,"successful_requests":8,"timeouts":0,"total_requests":16},"type":"stats"}
[CLIENT] Read InputBlock1: class=0x0004 instance=0x0065 status=0x00 payload=16 bytes RTT=1.14ms
[CLIENT] Read InputBlock2 FAILED: CIP status 0x01
[CLIENT] Read InputBlock1: class=0x0004 instance=0x0065 status=0x00 payload=16 bytes RTT=2.00ms
[CLIENT] Read InputBlock2 FAILED: CIP status 0x01

{"stats":{"failed_requests":10,"successful_requests":10,"timeouts":0,"total_requests":20},"type":"stats"}
[CLIENT] Read InputBlock1: class=0x0004 instance=0x0065 status=0x00 payload=16 bytes RTT=2.12ms
[CLIENT] Read InputBlock2 FAILED: CIP status 0x01
[CLIENT] Read InputBlock1: class=0x0004 instance=0x0065 status=0x00 payload=16 bytes RTT=1.52ms
[CLIENT] Read InputBlock2 FAILED: CIP status 0x01

{"stats":{"failed_requests":12,"successful_requests":12,"timeouts":0,"total_requests":24},"type":"stats"}
[CLIENT] Read InputBlock1: class=0x0004 instance=0x0065 status=0x00 payload=16 bytes RTT=1.71ms
[CLIENT] Read InputBlock2 FAILED: CIP status 0x01
[CLIENT] Read InputBlock1: class=0x0004 instance=0x0065 status=0x00 payload=16 bytes RTT=2.12ms
[CLIENT] Read InputBlock2 FAILED: CIP status 0x01

{"stats":{"failed_requests":14,"successful_requests":14,"timeouts":0,"total_requests":28},"type":"stats"}
[CLIENT] Read InputBlock1: class=0x0004 instance=0x0065 status=0x00 payload=16 bytes RTT=1.04ms
[CLIENT] Read InputBlock2 FAILED: CIP status 0x01
[CLIENT] Read InputBlock1: class=0x0004 instance=0x0065 status=0x00 payload=16 bytes RTT=1.92ms
[CLIENT] Read InputBlock2 FAILED: CIP status 0x01

{"stats":{"failed_requests":16,"successful_requests":16,"timeouts":0,"total_requests":32},"type":"stats"}
[CLIENT] Read InputBlock1: class=0x0004 instance=0x0065 status=0x00 payload=16 bytes RTT=1.71ms
[CLIENT] Read InputBlock2 FAILED: CIP status 0x01
[CLIENT] Read InputBlock1: class=0x0004 instance=0x0065 status=0x00 payload=16 bytes RTT=0.50ms
[CLIENT] Read InputBlock2 FAILED: CIP status 0x01

{"stats":{"failed_requests":18,"successful_requests":18,"timeouts":0,"total_requests":36},"type":"stats"}
[CLIENT] Read InputBlock1: class=0x0004 instance=0x0065 status=0x00 payload=16 bytes RTT=1.73ms
[CLIENT] Read InputBlock2 FAILED: CIP status 0x01
[CLIENT] Read InputBlock1: class=0x0004 instance=0x0065 status=0x00 payload=16 bytes RTT=1.54ms
[CLIENT] Read InputBlock2 FAILED: CIP status 0x01

{"stats":{"failed_requests":20,"successful_requests":20,"timeouts":0,"total_requests":40},"type":"stats"}
[CLIENT] Read InputBlock1: class=0x0004 instance=0x0065 status=0x00 payload=16 bytes RTT=1.40ms
[CLIENT] Read InputBlock2 FAILED: CIP status 0x01
[CLIENT] Read InputBlock1: class=0x0004 instance=0x0065 status=0x00 payload=16 bytes RTT=1.82ms
[CLIENT] Read InputBlock2 FAILED: CIP status 0x01

{"stats":{"failed_requests":22,"successful_requests":22,"timeouts":0,"total_requests":44},"type":"stats"}
[CLIENT] Read InputBlock1: class=0x0004 instance=0x0065 status=0x00 payload=16 bytes RTT=3.16ms
[CLIENT] Read InputBlock2 FAILED: CIP status 0x01
[CLIENT] Read InputBlock1: class=0x0004 instance=0x0065 status=0x00 payload=16 bytes RTT=2.02ms
[CLIENT] Read InputBlock2 FAILED: CIP status 0x01

{"stats":{"failed_requests":24,"successful_requests":24,"timeouts":0,"total_requests":48},"type":"stats"}
[CLIENT] Read InputBlock1: class=0x0004 instance=0x0065 status=0x00 payload=16 bytes RTT=1.85ms
[CLIENT] Read InputBlock2 FAILED: CIP status 0x01
[CLIENT] Read InputBlock1: class=0x0004 instance=0x0065 status=0x00 payload=16 bytes RTT=2.01ms
[CLIENT] Read InputBlock2 FAILED: CIP status 0x01

{"stats":{"failed_requests":26,"successful_requests":26,"timeouts":0,"total_requests":52},"type":"stats"}
[CLIENT] Read InputBlock1: class=0x0004 instance=0x0065 status=0x00 payload=16 bytes RTT=1.55ms
[CLIENT] Read InputBlock2 FAILED: CIP status 0x01
[CLIENT] Read InputBlock1: class=0x0004 instance=0x0065 status=0x00 payload=16 bytes RTT=0.64ms
[CLIENT] Read InputBlock2 FAILED: CIP status 0x01

{"stats":{"failed_requests":28,"successful_requests":28,"timeouts":0,"total_requests":56},"type":"stats"}
[CLIENT] Read InputBlock1: class=0x0004 instance=0x0065 status=0x00 payload=16 bytes RTT=1.92ms
[CLIENT] Read InputBlock2 FAILED: CIP status 0x01
[CLIENT] Read InputBlock1: class=0x0004 instance=0x0065 status=0x00 payload=16 bytes RTT=2.88ms
[CLIENT] Read InputBlock2 FAILED: CIP status 0x01

{"stats":{"failed_requests":30,"successful_requests":30,"timeouts":0,"total_requests":60},"type":"stats"}
[CLIENT] Read InputBlock1: class=0x0004 instance=0x0065 status=0x00 payload=16 bytes RTT=1.82ms
[CLIENT] Read InputBlock2 FAILED: CIP status 0x01
[CLIENT] Read InputBlock1: class=0x0004 instance=0x0065 status=0x00 payload=16 bytes RTT=2.43ms
[CLIENT] Read InputBlock2 FAILED: CIP status 0x01

{"stats":{"failed_requests":32,"successful_requests":32,"timeouts":0,"total_requests":64},"type":"stats"}
[CLIENT] Read InputBlock1: class=0x0004 instance=0x0065 status=0x00 payload=16 bytes RTT=0.72ms
[CLIENT] Read InputBlock2 FAILED: CIP status 0x01
[CLIENT] Read InputBlock1: class=0x0004 instance=0x0065 status=0x00 payload=16 bytes RTT=2.27ms
[CLIENT] Read InputBlock2 FAILED: CIP status 0x01

{"stats":{"failed_requests":34,"successful_requests":34,"timeouts":0,"total_requests":68},"type":"stats"}
[CLIENT] Read InputBlock1: class=0x0004 instance=0x0065 status=0x00 payload=16 bytes RTT=1.54ms
[CLIENT] Read InputBlock2 FAILED: CIP status 0x01
[CLIENT] Read InputBlock1: class=0x0004 instance=0x0065 status=0x00 payload=16 bytes RTT=1.64ms
[CLIENT] Read InputBlock2 FAILED: CIP status 0x01

{"stats":{"failed_requests":36,"successful_requests":36,"timeouts":0,"total_requests":72},"type":"stats"}
[CLIENT] Read InputBlock1: class=0x0004 instance=0x0065 status=0x00 payload=16 bytes RTT=1.50ms
[CLIENT] Read InputBlock2 FAILED: CIP status 0x01
[CLIENT] Read InputBlock1: class=0x0004 instance=0x0065 status=0x00 payload=16 bytes RTT=1.68ms
[CLIENT] Read InputBlock2 FAILED: CIP status 0x01

{"stats":{"failed_requests":38,"successful_requests":38,"timeouts":0,"total_requests":76},"type":"stats"}
[CLIENT] Read InputBlock1: class=0x0004 instance=0x0065 status=0x00 payload=16 bytes RTT=1.69ms
[CLIENT] Read InputBlock2 FAILED: CIP status 0x01
[CLIENT] Read InputBlock1: class=0x0004 instance=0x0065 status=0x00 payload=16 bytes RTT=2.19ms
[CLIENT] Read InputBlock2 FAILED: CIP status 0x01

{"stats":{"failed_requests":40,"successful_requests":40,"timeouts":0,"total_requests":80},"type":"stats"}
[CLIENT] Scenario completed after 40 operations
[CLIENT] Disconnecting...
Completed scenario 'baseline' in 10.0s (80 operations, 40 errors)
